<?xml version="1.0" encoding="UTF-8"?>
<!-- Generated by org.testng.reporters.JUnitXMLReporter -->
<testsuite ignored="2" hostname="Lakkappa" failures="0" tests="7" name="Test" time="28.418" errors="0" timestamp="2023-12-23T21:00:19 IST">
  <testcase classname="TestCases.Test1" name="log" time="15.498"/>
  <testcase classname="TestCases.Test2" name="test1" time="16.357"/>
  <testcase classname="TestCases.Test3" name="logGenerate" time="17.17"/>
  <testcase classname="TestCases.ProductVerifyTest" name="loginPage" time="17.828"/>
  <testcase classname="TestCases.Test1" name="log" time="6.205"/>
  <testcase classname="TestCases.Test2" name="test12" time="6.061"/>
  <testcase classname="TestCases.Test2" name="test3" time="5.901"/>
  <testcase classname="TestCases.Test1" name="loginPage" time="0.0">
    <ignored/>
  </testcase> <!-- loginPage -->
  <testcase classname="TestCases.Test1" name="demo" time="0.0">
    <ignored/>
  </testcase> <!-- demo -->
</testsuite> <!-- Test -->
