<?xml version="1.0" encoding="UTF-8"?>
<!-- Generated by org.testng.reporters.JUnitXMLReporter -->
<testsuite ignored="2" hostname="Lakkappa" failures="1" tests="7" name="Test" time="58.898" errors="0" timestamp="2023-12-13T17:29:02 IST">
  <testcase classname="TestCases.Test3" name="logGenerate" time="45.687"/>
  <testcase classname="TestCases.Test2" name="test1" time="45.958"/>
  <testcase classname="TestCases.ProductVerifyTest" name="loginPage" time="47.241">
    <failure type="java.lang.Error" message="Unresolved compilation problem: 
	The method findElement(SearchContext) in the type By is not applicable for the arguments (By)
">
      <![CDATA[java.lang.Error: Unresolved compilation problem: 
The method findElement(SearchContext) in the type By is not applicable for the arguments (By)

at Utils.ProductVerify.cartFirstOne(ProductVerify.java:97)
at TestCases.ProductVerifyTest.loginPage(ProductVerifyTest.java:25)
at java.base/java.util.concurrent.ThreadPoolExecutor.runWorker(ThreadPoolExecutor.java:1136)
at java.base/java.util.concurrent.ThreadPoolExecutor$Worker.run(ThreadPoolExecutor.java:635)
at java.base/java.lang.Thread.run(Thread.java:842)
... Removed 12 stack frames]]>
    </failure>
  </testcase> <!-- loginPage -->
  <testcase classname="TestCases.Test1" name="log" time="47.959"/>
  <testcase classname="TestCases.Test2" name="test12" time="7.35"/>
  <testcase classname="TestCases.Test1" name="log" time="8.02"/>
  <testcase classname="TestCases.Test2" name="test3" time="5.465"/>
  <testcase classname="TestCases.Test1" name="demo" time="0.0">
    <ignored/>
  </testcase> <!-- demo -->
  <testcase classname="TestCases.Test1" name="loginPage" time="0.0">
    <ignored/>
  </testcase> <!-- loginPage -->
</testsuite> <!-- Test -->
