<?xml version="1.0" encoding="UTF-8"?>
<!-- Generated by org.testng.reporters.JUnitXMLReporter -->
<testsuite ignored="0" hostname="Lakkappa" failures="0" tests="4" name="Test" time="14.294" errors="0" timestamp="2023-12-15T12:17:47 IST">
  <testcase classname="TestNGAnnotation.first" name="demo" time="5.581"/>
  <testcase classname="TestNGAnnotation.first" name="demo1" time="3.004"/>
  <testcase classname="TestNGAnnotation.first2" name="example1" time="2.748"/>
  <testcase classname="TestNGAnnotation.first2" name="example2" time="2.923"/>
</testsuite> <!-- Test -->
