<?xml version="1.0" encoding="UTF-8"?>
<!-- Generated by org.testng.reporters.JUnitXMLReporter -->
<testsuite ignored="0" hostname="Lakkappa" failures="2" tests="11" name="Test" time="31.565" errors="0" timestamp="2023-12-08T15:32:44 IST">
  <testcase classname="TestCases.Test2" name="test1" time="4.009"/>
  <testcase classname="TestCases.Test1" name="demo" time="4.114">
    <skipped/>
  </testcase> <!-- demo -->
  <testcase classname="TestCases.Test2" name="test12" time="3.245">
    <failure type="java.lang.AssertionError" message="expected [true] but found [false]">
      <![CDATA[java.lang.AssertionError: expected [true] but found [false]
at TestCases.Test2.test12(Test2.java:30)
at java.base/java.util.concurrent.ThreadPoolExecutor.runWorker(ThreadPoolExecutor.java:1136)
at java.base/java.util.concurrent.ThreadPoolExecutor$Worker.run(ThreadPoolExecutor.java:635)
at java.base/java.lang.Thread.run(Thread.java:842)
... Removed 20 stack frames]]>
    </failure>
  </testcase> <!-- test12 -->
  <testcase classname="TestCases.Test1" name="demo" time="3.48">
    <skipped/>
  </testcase> <!-- demo -->
  <testcase classname="TestCases.Test1" name="demo" time="3.574">
    <skipped/>
  </testcase> <!-- demo -->
  <testcase classname="TestCases.Test1" name="demo" time="2.562">
    <skipped/>
  </testcase> <!-- demo -->
  <testcase classname="TestCases.Test1" name="demo" time="2.496">
    <skipped/>
  </testcase> <!-- demo -->
  <testcase classname="TestCases.Test1" name="demo" time="4.167">
    <failure type="java.lang.AssertionError" message="expected [true] but found [false]">
      <![CDATA[java.lang.AssertionError: expected [true] but found [false]
at TestCases.Test1.demo(Test1.java:101)
at java.base/java.util.concurrent.ThreadPoolExecutor.runWorker(ThreadPoolExecutor.java:1136)
at java.base/java.util.concurrent.ThreadPoolExecutor$Worker.run(ThreadPoolExecutor.java:635)
at java.base/java.lang.Thread.run(Thread.java:842)
... Removed 20 stack frames]]>
    </failure>
  </testcase> <!-- demo -->
  <testcase classname="TestCases.Test1" name="log" time="3.592"/>
  <testcase classname="TestCases.Test1" name="log" time="5.047"/>
  <testcase classname="TestCases.Test1" name="loginPage" time="2.296"/>
</testsuite> <!-- Test -->
