<?xml version="1.0" encoding="UTF-8"?>
<testng-results ignored="0" total="1" passed="1" failed="0" skipped="0">
  <reporter-output>
  </reporter-output>
  <suite started-at="2023-12-13T23:27:35 IST" name="Default suite" finished-at="2023-12-13T23:27:40 IST" duration-ms="4999">
    <groups>
    </groups>
    <test started-at="2023-12-13T23:27:35 IST" name="Default test" finished-at="2023-12-13T23:27:40 IST" duration-ms="4999">
      <class name="TestCases.ProductVerifyTest">
        <test-method signature="loginPage()[pri:0, instance:TestCases.ProductVerifyTest@188715b5]" started-at="2023-12-13T23:27:36 IST" name="loginPage" finished-at="2023-12-13T23:27:40 IST" duration-ms="4912" status="PASS">
          <reporter-output>
          </reporter-output>
        </test-method> <!-- loginPage -->
      </class> <!-- TestCases.ProductVerifyTest -->
    </test> <!-- Default test -->
  </suite> <!-- Default suite -->
</testng-results>
