<?xml version="1.0" encoding="UTF-8"?>
<testng-results ignored="0" total="6" passed="6" failed="0" skipped="0">
  <reporter-output>
  </reporter-output>
  <suite started-at="2023-12-15T12:17:33 IST" name="Suite" finished-at="2023-12-15T12:17:54 IST" duration-ms="21459">
    <groups>
    </groups>
    <test started-at="2023-12-15T12:17:33 IST" name="Test" finished-at="2023-12-15T12:17:47 IST" duration-ms="14294">
      <class name="TestNGAnnotation.first">
        <test-method is-config="true" signature="testBefore()[pri:0, instance:TestNGAnnotation.first@6f53b8a]" started-at="2023-12-15T12:17:33 IST" name="testBefore" finished-at="2023-12-15T12:17:33 IST" duration-ms="0" status="PASS">
          <reporter-output>
          </reporter-output>
        </test-method> <!-- testBefore -->
        <test-method signature="demo()[pri:0, instance:TestNGAnnotation.first@6f53b8a]" started-at="2023-12-15T12:17:33 IST" name="demo" finished-at="2023-12-15T12:17:38 IST" duration-ms="5581" status="PASS">
          <reporter-output>
          </reporter-output>
        </test-method> <!-- demo -->
        <test-method signature="demo1()[pri:0, instance:TestNGAnnotation.first@6f53b8a]" started-at="2023-12-15T12:17:38 IST" name="demo1" finished-at="2023-12-15T12:17:41 IST" duration-ms="3004" status="PASS">
          <reporter-output>
          </reporter-output>
        </test-method> <!-- demo1 -->
        <test-method is-config="true" signature="testAfter()[pri:0, instance:TestNGAnnotation.first@6f53b8a]" started-at="2023-12-15T12:17:47 IST" name="testAfter" finished-at="2023-12-15T12:17:47 IST" duration-ms="0" status="PASS">
          <reporter-output>
          </reporter-output>
        </test-method> <!-- testAfter -->
      </class> <!-- TestNGAnnotation.first -->
      <class name="TestNGAnnotation.first2">
        <test-method signature="example1()[pri:0, instance:TestNGAnnotation.first2@5b799640]" started-at="2023-12-15T12:17:41 IST" name="example1" finished-at="2023-12-15T12:17:44 IST" duration-ms="2748" status="PASS">
          <reporter-output>
          </reporter-output>
        </test-method> <!-- example1 -->
        <test-method signature="example2()[pri:0, instance:TestNGAnnotation.first2@5b799640]" started-at="2023-12-15T12:17:44 IST" name="example2" finished-at="2023-12-15T12:17:47 IST" duration-ms="2923" status="PASS">
          <reporter-output>
          </reporter-output>
        </test-method> <!-- example2 -->
      </class> <!-- TestNGAnnotation.first2 -->
    </test> <!-- Test -->
    <test started-at="2023-12-15T12:17:47 IST" name="Test1" finished-at="2023-12-15T12:17:54 IST" duration-ms="6832">
      <class name="TestNGAnnotation.first4">
        <test-method is-config="true" signature="beforeSuite()[pri:0, instance:TestNGAnnotation.first4@58e1d9d]" started-at="2023-12-15T12:17:33 IST" name="beforeSuite" finished-at="2023-12-15T12:17:33 IST" duration-ms="6" status="PASS">
          <reporter-output>
          </reporter-output>
        </test-method> <!-- beforeSuite -->
        <test-method is-config="true" signature="afterSuite()[pri:0, instance:TestNGAnnotation.first4@58e1d9d]" started-at="2023-12-15T12:17:54 IST" name="afterSuite" finished-at="2023-12-15T12:17:54 IST" duration-ms="1" status="PASS">
          <reporter-output>
          </reporter-output>
        </test-method> <!-- afterSuite -->
      </class> <!-- TestNGAnnotation.first4 -->
      <class name="TestNGAnnotation.first3">
        <test-method signature="example3()[pri:0, instance:TestNGAnnotation.first3@29d80d2b]" started-at="2023-12-15T12:17:47 IST" name="example3" finished-at="2023-12-15T12:17:50 IST" duration-ms="2850" status="PASS">
          <reporter-output>
          </reporter-output>
        </test-method> <!-- example3 -->
        <test-method signature="example4()[pri:0, instance:TestNGAnnotation.first3@29d80d2b]" started-at="2023-12-15T12:17:50 IST" name="example4" finished-at="2023-12-15T12:17:54 IST" duration-ms="3976" status="PASS">
          <reporter-output>
          </reporter-output>
        </test-method> <!-- example4 -->
      </class> <!-- TestNGAnnotation.first3 -->
    </test> <!-- Test1 -->
  </suite> <!-- Suite -->
</testng-results>
