<?xml version="1.0" encoding="UTF-8"?>
<!-- Generated by org.testng.reporters.JUnitXMLReporter -->
<testsuite ignored="1" hostname="Lakkappa" failures="0" tests="5" name="Default test" time="30.226" errors="0" timestamp="2023-12-07T00:30:56 IST">
  <testcase classname="TestCases.productCart" name="productcart" time="7.552"/>
  <testcase classname="TestCases.ProductVerifyTest" name="loginPage" time="7.328"/>
  <testcase classname="TestCases.Test1" name="demo" time="2.328"/>
  <testcase classname="TestCases.Test1" name="log" time="7.96"/>
  <testcase classname="TestCases.Test1" name="log" time="4.98"/>
  <testcase classname="TestCases.Test1" name="loginPage" time="0.0">
    <ignored/>
  </testcase> <!-- loginPage -->
</testsuite> <!-- Default test -->
