<?xml version="1.0" encoding="UTF-8"?>
<testsuite xmlns:xsi="http://www.w3.org/2001/XMLSchema-instance" xsi:noNamespaceSchemaLocation="https://maven.apache.org/surefire/maven-surefire-plugin/xsd/surefire-test-report-3.0.xsd" version="3.0" name="TestSuite" time="31.43" tests="7" errors="0" skipped="0" failures="0">
  <properties>
[...]
</properties>
  <testcase name="log[{userName=anshika@gmail.com, password=Iamking@000}](1)" classname="TestCases.Test1" time="15.505">
    <system-out><![CDATA[...
... TestNG 7.8.0 by Cédric Beust (cedric@beust.com)
...

Log text     :  [DOM] Input elements should have autocomplete attributes (suggested: "current-password"): (More info: https://goo.gl/9p2vKq) %o
Log level    :  verbose
Log String   :  org.openqa.selenium.devtools.v118.log.model.LogEntry@ffcf30a
Log class    :  class org.openqa.selenium.devtools.v118.log.model.LogEntry
Log text     :  [DOM] Input elements should have autocomplete attributes (suggested: "current-password"): (More info: https://goo.gl/9p2vKq) %o
Log lineNum  :  Optional.empty
Log level    :  verbose
Log source   :  recommendation
Log String   :  org.openqa.selenium.devtools.v118.log.model.LogEntry@5963857f
--------------------------------------------------------------------------------------------
Log class    :  class org.openqa.selenium.devtools.v118.log.model.LogEntry
Log lineNum  :  Optional.empty
Log source   :  recommendation
--------------------------------------------------------------------------------------------
Log text     :  [DOM] Input elements should have autocomplete attributes (suggested: "current-password"): (More info: https://goo.gl/9p2vKq) %o
Log level    :  verbose
Log String   :  org.openqa.selenium.devtools.v118.log.model.LogEntry@53f0870f
Log class    :  class org.openqa.selenium.devtools.v118.log.model.LogEntry
Log lineNum  :  Optional.empty
Log source   :  recommendation
--------------------------------------------------------------------------------------------
Log text     :  [DOM] Input elements should have autocomplete attributes (suggested: "current-password"): (More info: https://goo.gl/9p2vKq) %o
Log level    :  verbose
Log String   :  org.openqa.selenium.devtools.v118.log.model.LogEntry@1ab3a99b
Log class    :  class org.openqa.selenium.devtools.v118.log.model.LogEntry
Log lineNum  :  Optional.empty
Log source   :  recommendation
--------------------------------------------------------------------------------------------
Log text     :  Failed to load resource: the server responded with a status of 404 (Not Found)
Log level    :  error
Log String   :  org.openqa.selenium.devtools.v118.log.model.LogEntry@1efd5781
Log class    :  class org.openqa.selenium.devtools.v118.log.model.LogEntry
Log lineNum  :  Optional.empty
Log source   :  network
--------------------------------------------------------------------------------------------
Log text     :  Manifest: Line: 1, column: 1, Syntax error.
Log level    :  error
Log String   :  org.openqa.selenium.devtools.v118.log.model.LogEntry@2f7bdcf
Log class    :  class org.openqa.selenium.devtools.v118.log.model.LogEntry
Log lineNum  :  Optional[0]
Log source   :  other
--------------------------------------------------------------------------------------------
Log text     :  Manifest: Line: 1, column: 1, Syntax error.
Log level    :  error
Log text     :  Failed to load resource: the server responded with a status of 404 (Not Found)
Log level    :  error
Log String   :  org.openqa.selenium.devtools.v118.log.model.LogEntry@15da432a
Log class    :  class org.openqa.selenium.devtools.v118.log.model.LogEntry
Log lineNum  :  Optional.empty
Log source   :  network
--------------------------------------------------------------------------------------------
Log String   :  org.openqa.selenium.devtools.v118.log.model.LogEntry@7f7e09c6
Log class    :  class org.openqa.selenium.devtools.v118.log.model.LogEntry
Log lineNum  :  Optional[0]
Log source   :  other
--------------------------------------------------------------------------------------------
Log text     :  Manifest: Line: 1, column: 1, Syntax error.
Log level    :  error
Log String   :  org.openqa.selenium.devtools.v118.log.model.LogEntry@111c6483
Log class    :  class org.openqa.selenium.devtools.v118.log.model.LogEntry
Log lineNum  :  Optional[0]
Log source   :  other
--------------------------------------------------------------------------------------------
Log text     :  Failed to load resource: the server responded with a status of 404 (Not Found)
Log level    :  error
Log String   :  org.openqa.selenium.devtools.v118.log.model.LogEntry@7982ef21
Log class    :  class org.openqa.selenium.devtools.v118.log.model.LogEntry
Log lineNum  :  Optional.empty
Log source   :  network
--------------------------------------------------------------------------------------------
Log text     :  Failed to load resource: the server responded with a status of 404 (Not Found)
Log level    :  error
Log String   :  org.openqa.selenium.devtools.v118.log.model.LogEntry@42456661
Log class    :  class org.openqa.selenium.devtools.v118.log.model.LogEntry
Log lineNum  :  Optional.empty
Log source   :  network
--------------------------------------------------------------------------------------------
Log text     :  Manifest: Line: 1, column: 1, Syntax error.
Log level    :  error
Log String   :  org.openqa.selenium.devtools.v118.log.model.LogEntry@4e62b5d8
Log class    :  class org.openqa.selenium.devtools.v118.log.model.LogEntry
Log lineNum  :  Optional[0]
Log source   :  other
--------------------------------------------------------------------------------------------
* Incorrect username or password
* Incorrect username or password
* Incorrect username or password
* Incorrect username or password
lakkkappa
browser Nameclass java.lang.StringString
test1
browser initialised...
Log text :[DOM] Input elements should have autocomplete attributes (suggested: "current-password"): (More info: https://goo.gl/9p2vKq) %o
Log level :verbose
Log text :Failed to load resource: the server responded with a status of 404 (Not Found)
Log level :error
Log text :Manifest: Line: 1, column: 1, Syntax error.
Log level :error
Open the browser
Enter Email
hello
]]></system-out>
    <system-err><![CDATA[SLF4J: Failed to load class "org.slf4j.impl.StaticLoggerBinder".
SLF4J: Defaulting to no-operation (NOP) logger implementation
SLF4J: See http://www.slf4j.org/codes.html#StaticLoggerBinder for further details.
Dec 23, 2023 8:59:59 PM org.openqa.selenium.remote.http.WebSocket$Listener onError
WARNING: Connection reset
java.net.SocketException: Connection reset
	at java.base/sun.nio.ch.SocketChannelImpl.throwConnectionReset(SocketChannelImpl.java:394)
	at java.base/sun.nio.ch.SocketChannelImpl.read(SocketChannelImpl.java:426)
	at java.net.http/jdk.internal.net.http.SocketTube.readAvailable(SocketTube.java:1170)
	at java.net.http/jdk.internal.net.http.SocketTube$InternalReadPublisher$InternalReadSubscription.read(SocketTube.java:833)
	at java.net.http/jdk.internal.net.http.SocketTube$SocketFlowTask.run(SocketTube.java:181)
	at java.net.http/jdk.internal.net.http.common.SequentialScheduler$SchedulableTask.run(SequentialScheduler.java:230)
	at java.net.http/jdk.internal.net.http.common.SequentialScheduler.runOrSchedule(SequentialScheduler.java:303)
	at java.net.http/jdk.internal.net.http.common.SequentialScheduler.runOrSchedule(SequentialScheduler.java:256)
	at java.net.http/jdk.internal.net.http.SocketTube$InternalReadPublisher$InternalReadSubscription.signalReadable(SocketTube.java:774)
	at java.net.http/jdk.internal.net.http.SocketTube$InternalReadPublisher$ReadEvent.signalEvent(SocketTube.java:957)
	at java.net.http/jdk.internal.net.http.SocketTube$SocketFlowEvent.handle(SocketTube.java:253)
	at java.net.http/jdk.internal.net.http.HttpClientImpl$SelectorManager.handleEvent(HttpClientImpl.java:979)
	at java.net.http/jdk.internal.net.http.HttpClientImpl$SelectorManager.lambda$run$3(HttpClientImpl.java:934)
	at java.base/java.util.ArrayList.forEach(ArrayList.java:1511)
	at java.net.http/jdk.internal.net.http.HttpClientImpl$SelectorManager.run(HttpClientImpl.java:934)

Dec 23, 2023 9:00:00 PM org.openqa.selenium.remote.http.WebSocket$Listener onError
WARNING: Connection reset
java.net.SocketException: Connection reset
	at java.base/sun.nio.ch.SocketChannelImpl.throwConnectionReset(SocketChannelImpl.java:394)
	at java.base/sun.nio.ch.SocketChannelImpl.read(SocketChannelImpl.java:426)
	at java.net.http/jdk.internal.net.http.SocketTube.readAvailable(SocketTube.java:1170)
	at java.net.http/jdk.internal.net.http.SocketTube$InternalReadPublisher$InternalReadSubscription.read(SocketTube.java:833)
	at java.net.http/jdk.internal.net.http.SocketTube$SocketFlowTask.run(SocketTube.java:181)
	at java.net.http/jdk.internal.net.http.common.SequentialScheduler$SchedulableTask.run(SequentialScheduler.java:230)
	at java.net.http/jdk.internal.net.http.common.SequentialScheduler.runOrSchedule(SequentialScheduler.java:303)
	at java.net.http/jdk.internal.net.http.common.SequentialScheduler.runOrSchedule(SequentialScheduler.java:256)
	at java.net.http/jdk.internal.net.http.SocketTube$InternalReadPublisher$InternalReadSubscription.signalReadable(SocketTube.java:774)
	at java.net.http/jdk.internal.net.http.SocketTube$InternalReadPublisher$ReadEvent.signalEvent(SocketTube.java:957)
	at java.net.http/jdk.internal.net.http.SocketTube$SocketFlowEvent.handle(SocketTube.java:253)
	at java.net.http/jdk.internal.net.http.HttpClientImpl$SelectorManager.handleEvent(HttpClientImpl.java:979)
	at java.net.http/jdk.internal.net.http.HttpClientImpl$SelectorManager.lambda$run$3(HttpClientImpl.java:934)
	at java.base/java.util.ArrayList.forEach(ArrayList.java:1511)
	at java.net.http/jdk.internal.net.http.HttpClientImpl$SelectorManager.run(HttpClientImpl.java:934)

Dec 23, 2023 9:00:00 PM org.openqa.selenium.remote.http.WebSocket$Listener onError
WARNING: Connection reset
java.net.SocketException: Connection reset
	at java.base/sun.nio.ch.SocketChannelImpl.throwConnectionReset(SocketChannelImpl.java:394)
	at java.base/sun.nio.ch.SocketChannelImpl.read(SocketChannelImpl.java:426)
	at java.net.http/jdk.internal.net.http.SocketTube.readAvailable(SocketTube.java:1170)
	at java.net.http/jdk.internal.net.http.SocketTube$InternalReadPublisher$InternalReadSubscription.read(SocketTube.java:833)
	at java.net.http/jdk.internal.net.http.SocketTube$SocketFlowTask.run(SocketTube.java:181)
	at java.net.http/jdk.internal.net.http.common.SequentialScheduler$SchedulableTask.run(SequentialScheduler.java:230)
	at java.net.http/jdk.internal.net.http.common.SequentialScheduler.runOrSchedule(SequentialScheduler.java:303)
	at java.net.http/jdk.internal.net.http.common.SequentialScheduler.runOrSchedule(SequentialScheduler.java:256)
	at java.net.http/jdk.internal.net.http.SocketTube$InternalReadPublisher$InternalReadSubscription.signalReadable(SocketTube.java:774)
	at java.net.http/jdk.internal.net.http.SocketTube$InternalReadPublisher$ReadEvent.signalEvent(SocketTube.java:957)
	at java.net.http/jdk.internal.net.http.SocketTube$SocketFlowEvent.handle(SocketTube.java:253)
	at java.net.http/jdk.internal.net.http.HttpClientImpl$SelectorManager.handleEvent(HttpClientImpl.java:979)
	at java.net.http/jdk.internal.net.http.HttpClientImpl$SelectorManager.lambda$run$3(HttpClientImpl.java:934)
	at java.base/java.util.ArrayList.forEach(ArrayList.java:1511)
	at java.net.http/jdk.internal.net.http.HttpClientImpl$SelectorManager.run(HttpClientImpl.java:934)

Dec 23, 2023 9:00:00 PM org.openqa.selenium.remote.http.WebSocket$Listener onError
WARNING: Connection reset
java.net.SocketException: Connection reset
	at java.base/sun.nio.ch.SocketChannelImpl.throwConnectionReset(SocketChannelImpl.java:394)
	at java.base/sun.nio.ch.SocketChannelImpl.read(SocketChannelImpl.java:426)
	at java.net.http/jdk.internal.net.http.SocketTube.readAvailable(SocketTube.java:1170)
	at java.net.http/jdk.internal.net.http.SocketTube$InternalReadPublisher$InternalReadSubscription.read(SocketTube.java:833)
	at java.net.http/jdk.internal.net.http.SocketTube$SocketFlowTask.run(SocketTube.java:181)
	at java.net.http/jdk.internal.net.http.common.SequentialScheduler$SchedulableTask.run(SequentialScheduler.java:230)
	at java.net.http/jdk.internal.net.http.common.SequentialScheduler.runOrSchedule(SequentialScheduler.java:303)
	at java.net.http/jdk.internal.net.http.common.SequentialScheduler.runOrSchedule(SequentialScheduler.java:256)
	at java.net.http/jdk.internal.net.http.SocketTube$InternalReadPublisher$InternalReadSubscription.signalReadable(SocketTube.java:774)
	at java.net.http/jdk.internal.net.http.SocketTube$InternalReadPublisher$ReadEvent.signalEvent(SocketTube.java:957)
	at java.net.http/jdk.internal.net.http.SocketTube$SocketFlowEvent.handle(SocketTube.java:253)
	at java.net.http/jdk.internal.net.http.HttpClientImpl$SelectorManager.handleEvent(HttpClientImpl.java:979)
	at java.net.http/jdk.internal.net.http.HttpClientImpl$SelectorManager.lambda$run$3(HttpClientImpl.java:934)
	at java.base/java.util.ArrayList.forEach(ArrayList.java:1511)
	at java.net.http/jdk.internal.net.http.HttpClientImpl$SelectorManager.run(HttpClientImpl.java:934)

Dec 23, 2023 9:00:05 PM org.openqa.selenium.remote.http.WebSocket$Listener onError
WARNING: Connection reset
java.net.SocketException: Connection reset
	at java.base/sun.nio.ch.SocketChannelImpl.throwConnectionReset(SocketChannelImpl.java:394)
	at java.base/sun.nio.ch.SocketChannelImpl.read(SocketChannelImpl.java:426)
	at java.net.http/jdk.internal.net.http.SocketTube.readAvailable(SocketTube.java:1170)
	at java.net.http/jdk.internal.net.http.SocketTube$InternalReadPublisher$InternalReadSubscription.read(SocketTube.java:833)
	at java.net.http/jdk.internal.net.http.SocketTube$SocketFlowTask.run(SocketTube.java:181)
	at java.net.http/jdk.internal.net.http.common.SequentialScheduler$SchedulableTask.run(SequentialScheduler.java:230)
	at java.net.http/jdk.internal.net.http.common.SequentialScheduler.runOrSchedule(SequentialScheduler.java:303)
	at java.net.http/jdk.internal.net.http.common.SequentialScheduler.runOrSchedule(SequentialScheduler.java:256)
	at java.net.http/jdk.internal.net.http.SocketTube$InternalReadPublisher$InternalReadSubscription.signalReadable(SocketTube.java:774)
	at java.net.http/jdk.internal.net.http.SocketTube$InternalReadPublisher$ReadEvent.signalEvent(SocketTube.java:957)
	at java.net.http/jdk.internal.net.http.SocketTube$SocketFlowEvent.handle(SocketTube.java:253)
	at java.net.http/jdk.internal.net.http.HttpClientImpl$SelectorManager.handleEvent(HttpClientImpl.java:979)
	at java.net.http/jdk.internal.net.http.HttpClientImpl$SelectorManager.lambda$run$3(HttpClientImpl.java:934)
	at java.base/java.util.ArrayList.forEach(ArrayList.java:1511)
	at java.net.http/jdk.internal.net.http.HttpClientImpl$SelectorManager.run(HttpClientImpl.java:934)

]]></system-err>
  </testcase>
  <testcase name="log[{userName=anshika@gmail.com, password=Iamking@000}](2)" classname="TestCases.Test1" time="5.852">
    <system-out><![CDATA[Log text     :  [DOM] Input elements should have autocomplete attributes (suggested: "current-password"): (More info: https://goo.gl/9p2vKq) %o
Log level    :  verbose
Log String   :  org.openqa.selenium.devtools.v118.log.model.LogEntry@413d9367
Log class    :  class org.openqa.selenium.devtools.v118.log.model.LogEntry
Log lineNum  :  Optional.empty
Log source   :  recommendation
--------------------------------------------------------------------------------------------
Log text     :  Manifest: Line: 1, column: 1, Syntax error.
Log text     :  Failed to load resource: the server responded with a status of 404 (Not Found)
Log level    :  error
Log level    :  error
Log String   :  org.openqa.selenium.devtools.v118.log.model.LogEntry@3ad7a2ca
Log String   :  org.openqa.selenium.devtools.v118.log.model.LogEntry@215477d6
Log class    :  class org.openqa.selenium.devtools.v118.log.model.LogEntry
Log lineNum  :  Optional[0]
Log class    :  class org.openqa.selenium.devtools.v118.log.model.LogEntry
Log source   :  other
Log lineNum  :  Optional.empty
--------------------------------------------------------------------------------------------
Log source   :  network
--------------------------------------------------------------------------------------------
Log text     :  [DOM] Input elements should have autocomplete attributes (suggested: "current-password"): (More info: https://goo.gl/9p2vKq) %o
Log level    :  verbose
Log String   :  org.openqa.selenium.devtools.v118.log.model.LogEntry@c5f6e30
Log class    :  class org.openqa.selenium.devtools.v118.log.model.LogEntry
Log lineNum  :  Optional.empty
Log source   :  recommendation
--------------------------------------------------------------------------------------------
Log text     :  Failed to load resource: the server responded with a status of 404 (Not Found)
Log level    :  error
Log String   :  org.openqa.selenium.devtools.v118.log.model.LogEntry@305b2c0f
Log text     :  Manifest: Line: 1, column: 1, Syntax error.
Log class    :  class org.openqa.selenium.devtools.v118.log.model.LogEntry
Log level    :  error
Log lineNum  :  Optional.empty
Log String   :  org.openqa.selenium.devtools.v118.log.model.LogEntry@3568bc6f
Log source   :  network
--------------------------------------------------------------------------------------------
Log class    :  class org.openqa.selenium.devtools.v118.log.model.LogEntry
Log lineNum  :  Optional[0]
Log source   :  other
--------------------------------------------------------------------------------------------
* Incorrect username or password
* Incorrect username or password
test1
Open the browser
Enter Email
hello
]]></system-out>
    <system-err><![CDATA[Dec 23, 2023 9:00:09 PM org.openqa.selenium.remote.http.WebSocket$Listener onError
WARNING: Connection reset
java.net.SocketException: Connection reset
	at java.base/sun.nio.ch.SocketChannelImpl.throwConnectionReset(SocketChannelImpl.java:394)
	at java.base/sun.nio.ch.SocketChannelImpl.read(SocketChannelImpl.java:426)
	at java.net.http/jdk.internal.net.http.SocketTube.readAvailable(SocketTube.java:1170)
	at java.net.http/jdk.internal.net.http.SocketTube$InternalReadPublisher$InternalReadSubscription.read(SocketTube.java:833)
	at java.net.http/jdk.internal.net.http.SocketTube$SocketFlowTask.run(SocketTube.java:181)
	at java.net.http/jdk.internal.net.http.common.SequentialScheduler$SchedulableTask.run(SequentialScheduler.java:230)
	at java.net.http/jdk.internal.net.http.common.SequentialScheduler.runOrSchedule(SequentialScheduler.java:303)
	at java.net.http/jdk.internal.net.http.common.SequentialScheduler.runOrSchedule(SequentialScheduler.java:256)
	at java.net.http/jdk.internal.net.http.SocketTube$InternalReadPublisher$InternalReadSubscription.signalReadable(SocketTube.java:774)
	at java.net.http/jdk.internal.net.http.SocketTube$InternalReadPublisher$ReadEvent.signalEvent(SocketTube.java:957)
	at java.net.http/jdk.internal.net.http.SocketTube$SocketFlowEvent.handle(SocketTube.java:253)
	at java.net.http/jdk.internal.net.http.HttpClientImpl$SelectorManager.handleEvent(HttpClientImpl.java:979)
	at java.net.http/jdk.internal.net.http.HttpClientImpl$SelectorManager.lambda$run$3(HttpClientImpl.java:934)
	at java.base/java.util.ArrayList.forEach(ArrayList.java:1511)
	at java.net.http/jdk.internal.net.http.HttpClientImpl$SelectorManager.run(HttpClientImpl.java:934)

Dec 23, 2023 9:00:09 PM org.openqa.selenium.remote.http.WebSocket$Listener onError
WARNING: Connection reset
java.net.SocketException: Connection reset
	at java.base/sun.nio.ch.SocketChannelImpl.throwConnectionReset(SocketChannelImpl.java:394)
	at java.base/sun.nio.ch.SocketChannelImpl.read(SocketChannelImpl.java:426)
	at java.net.http/jdk.internal.net.http.SocketTube.readAvailable(SocketTube.java:1170)
	at java.net.http/jdk.internal.net.http.SocketTube$InternalReadPublisher$InternalReadSubscription.read(SocketTube.java:833)
	at java.net.http/jdk.internal.net.http.SocketTube$SocketFlowTask.run(SocketTube.java:181)
	at java.net.http/jdk.internal.net.http.common.SequentialScheduler$SchedulableTask.run(SequentialScheduler.java:230)
	at java.net.http/jdk.internal.net.http.common.SequentialScheduler.runOrSchedule(SequentialScheduler.java:303)
	at java.net.http/jdk.internal.net.http.common.SequentialScheduler.runOrSchedule(SequentialScheduler.java:256)
	at java.net.http/jdk.internal.net.http.SocketTube$InternalReadPublisher$InternalReadSubscription.signalReadable(SocketTube.java:774)
	at java.net.http/jdk.internal.net.http.SocketTube$InternalReadPublisher$ReadEvent.signalEvent(SocketTube.java:957)
	at java.net.http/jdk.internal.net.http.SocketTube$SocketFlowEvent.handle(SocketTube.java:253)
	at java.net.http/jdk.internal.net.http.HttpClientImpl$SelectorManager.handleEvent(HttpClientImpl.java:979)
	at java.net.http/jdk.internal.net.http.HttpClientImpl$SelectorManager.lambda$run$3(HttpClientImpl.java:934)
	at java.base/java.util.ArrayList.forEach(ArrayList.java:1511)
	at java.net.http/jdk.internal.net.http.HttpClientImpl$SelectorManager.run(HttpClientImpl.java:934)

]]></system-err>
  </testcase>
  <testcase name="test1" classname="TestCases.Test2" time="0.344"/>
  <testcase name="test12" classname="TestCases.Test2" time="6.06"/>
  <testcase name="test3" classname="TestCases.Test2" time="5.901">
    <system-out><![CDATA[Log text     :  [DOM] Input elements should have autocomplete attributes (suggested: "current-password"): (More info: https://goo.gl/9p2vKq) %o
Log level    :  verbose
Log String   :  org.openqa.selenium.devtools.v118.log.model.LogEntry@3342ecbb
Log class    :  class org.openqa.selenium.devtools.v118.log.model.LogEntry
Log lineNum  :  Optional.empty
Log source   :  recommendation
--------------------------------------------------------------------------------------------
Log text     :  Failed to load resource: the server responded with a status of 404 (Not Found)
Log level    :  error
Log String   :  org.openqa.selenium.devtools.v118.log.model.LogEntry@31aac7c2
Log class    :  class org.openqa.selenium.devtools.v118.log.model.LogEntry
Log lineNum  :  Optional.empty
Log source   :  network
--------------------------------------------------------------------------------------------
Log text     :  Manifest: Line: 1, column: 1, Syntax error.
Log level    :  error
Log String   :  org.openqa.selenium.devtools.v118.log.model.LogEntry@5bfda604
Log class    :  class org.openqa.selenium.devtools.v118.log.model.LogEntry
Log lineNum  :  Optional[0]
Log source   :  other
--------------------------------------------------------------------------------------------
* Incorrect username or password
browser Nameclass java.lang.StringString
browser initialised...
]]></system-out>
    <system-err><![CDATA[Dec 23, 2023 9:00:14 PM org.openqa.selenium.remote.http.WebSocket$Listener onError
WARNING: Connection reset
java.net.SocketException: Connection reset
	at java.base/sun.nio.ch.SocketChannelImpl.throwConnectionReset(SocketChannelImpl.java:394)
	at java.base/sun.nio.ch.SocketChannelImpl.read(SocketChannelImpl.java:426)
	at java.net.http/jdk.internal.net.http.SocketTube.readAvailable(SocketTube.java:1170)
	at java.net.http/jdk.internal.net.http.SocketTube$InternalReadPublisher$InternalReadSubscription.read(SocketTube.java:833)
	at java.net.http/jdk.internal.net.http.SocketTube$SocketFlowTask.run(SocketTube.java:181)
	at java.net.http/jdk.internal.net.http.common.SequentialScheduler$SchedulableTask.run(SequentialScheduler.java:230)
	at java.net.http/jdk.internal.net.http.common.SequentialScheduler.runOrSchedule(SequentialScheduler.java:303)
	at java.net.http/jdk.internal.net.http.common.SequentialScheduler.runOrSchedule(SequentialScheduler.java:256)
	at java.net.http/jdk.internal.net.http.SocketTube$InternalReadPublisher$InternalReadSubscription.signalReadable(SocketTube.java:774)
	at java.net.http/jdk.internal.net.http.SocketTube$InternalReadPublisher$ReadEvent.signalEvent(SocketTube.java:957)
	at java.net.http/jdk.internal.net.http.SocketTube$SocketFlowEvent.handle(SocketTube.java:253)
	at java.net.http/jdk.internal.net.http.HttpClientImpl$SelectorManager.handleEvent(HttpClientImpl.java:979)
	at java.net.http/jdk.internal.net.http.HttpClientImpl$SelectorManager.lambda$run$3(HttpClientImpl.java:934)
	at java.base/java.util.ArrayList.forEach(ArrayList.java:1511)
	at java.net.http/jdk.internal.net.http.HttpClientImpl$SelectorManager.run(HttpClientImpl.java:934)

]]></system-err>
  </testcase>
  <testcase name="logGenerate" classname="TestCases.Test3" time="0.81">
    <system-out><![CDATA[* Incorrect username or password
]]></system-out>
    <system-err><![CDATA[Dec 23, 2023 9:00:06 PM org.openqa.selenium.remote.http.WebSocket$Listener onError
WARNING: Connection reset
java.net.SocketException: Connection reset
	at java.base/sun.nio.ch.SocketChannelImpl.throwConnectionReset(SocketChannelImpl.java:394)
	at java.base/sun.nio.ch.SocketChannelImpl.read(SocketChannelImpl.java:426)
	at java.net.http/jdk.internal.net.http.SocketTube.readAvailable(SocketTube.java:1170)
	at java.net.http/jdk.internal.net.http.SocketTube$InternalReadPublisher$InternalReadSubscription.read(SocketTube.java:833)
	at java.net.http/jdk.internal.net.http.SocketTube$SocketFlowTask.run(SocketTube.java:181)
	at java.net.http/jdk.internal.net.http.common.SequentialScheduler$SchedulableTask.run(SequentialScheduler.java:230)
	at java.net.http/jdk.internal.net.http.common.SequentialScheduler.runOrSchedule(SequentialScheduler.java:303)
	at java.net.http/jdk.internal.net.http.common.SequentialScheduler.runOrSchedule(SequentialScheduler.java:256)
	at java.net.http/jdk.internal.net.http.SocketTube$InternalReadPublisher$InternalReadSubscription.signalReadable(SocketTube.java:774)
	at java.net.http/jdk.internal.net.http.SocketTube$InternalReadPublisher$ReadEvent.signalEvent(SocketTube.java:957)
	at java.net.http/jdk.internal.net.http.SocketTube$SocketFlowEvent.handle(SocketTube.java:253)
	at java.net.http/jdk.internal.net.http.HttpClientImpl$SelectorManager.handleEvent(HttpClientImpl.java:979)
	at java.net.http/jdk.internal.net.http.HttpClientImpl$SelectorManager.lambda$run$3(HttpClientImpl.java:934)
	at java.base/java.util.ArrayList.forEach(ArrayList.java:1511)
	at java.net.http/jdk.internal.net.http.HttpClientImpl$SelectorManager.run(HttpClientImpl.java:934)

]]></system-err>
  </testcase>
  <testcase name="loginPage" classname="TestCases.ProductVerifyTest" time="1.472">
    <system-out><![CDATA[T-SHIRT
T-SHIRT
T-SHIRT
T-SHIRT
QWERTY
I PHONE1
I PHONE2
I PHONE3
]]></system-out>
  </testcase>
</testsuite>