<?xml version="1.0" encoding="UTF-8"?>
<testsuite xmlns:xsi="http://www.w3.org/2001/XMLSchema-instance" xsi:noNamespaceSchemaLocation="https://maven.apache.org/surefire/maven-surefire-plugin/xsd/surefire-test-report-3.0.xsd" version="3.0" name="TestSuite" time="60.807" tests="7" errors="0" skipped="0" failures="1">
  <properties>
[...]
</properties>
  <testcase name="logGenerate" classname="TestCases.Test3" time="45.411">
    <system-out><![CDATA[...
... TestNG 7.8.0 by Cédric Beust (cedric@beust.com)
...

Log text     :  [DOM] Input elements should have autocomplete attributes (suggested: "current-password"): (More info: https://goo.gl/9p2vKq) %o
Log level    :  verbose
Log String   :  org.openqa.selenium.devtools.v118.log.model.LogEntry@7746adcc
Log class    :  class org.openqa.selenium.devtools.v118.log.model.LogEntry
Log lineNum  :  Optional.empty
Log source   :  recommendation
--------------------------------------------------------------------------------------------
Log text     :  Manifest: Line: 1, column: 1, Syntax error.
Log level    :  error
Log String   :  org.openqa.selenium.devtools.v118.log.model.LogEntry@5e034af3
Log class    :  class org.openqa.selenium.devtools.v118.log.model.LogEntry
Log lineNum  :  Optional[0]
Log source   :  other
--------------------------------------------------------------------------------------------
Log text     :  Failed to load resource: the server responded with a status of 404 (Not Found)
Log level    :  error
Log String   :  org.openqa.selenium.devtools.v118.log.model.LogEntry@600ebaf2
Log class    :  class org.openqa.selenium.devtools.v118.log.model.LogEntry
Log lineNum  :  Optional.empty
Log source   :  network
--------------------------------------------------------------------------------------------
Log text     :  [DOM] Input elements should have autocomplete attributes (suggested: "current-password"): (More info: https://goo.gl/9p2vKq) %o
Log level    :  verbose
Log String   :  org.openqa.selenium.devtools.v118.log.model.LogEntry@791df641
Log class    :  class org.openqa.selenium.devtools.v118.log.model.LogEntry
Log lineNum  :  Optional.empty
Log source   :  recommendation
--------------------------------------------------------------------------------------------
Log text     :  [DOM] Input elements should have autocomplete attributes (suggested: "current-password"): (More info: https://goo.gl/9p2vKq) %o
Log level    :  verbose
Log String   :  org.openqa.selenium.devtools.v118.log.model.LogEntry@74487185
Log class    :  class org.openqa.selenium.devtools.v118.log.model.LogEntry
Log lineNum  :  Optional.empty
Log source   :  recommendation
Log text     :  [DOM] Input elements should have autocomplete attributes (suggested: "current-password"): (More info: https://goo.gl/9p2vKq) %o
Log level    :  verbose
Log String   :  org.openqa.selenium.devtools.v118.log.model.LogEntry@570d59c8
Log class    :  class org.openqa.selenium.devtools.v118.log.model.LogEntry
Log lineNum  :  Optional.empty
Log source   :  recommendation
--------------------------------------------------------------------------------------------
--------------------------------------------------------------------------------------------
Log text     :  Failed to load resource: the server responded with a status of 404 (Not Found)
Log level    :  error
Log String   :  org.openqa.selenium.devtools.v118.log.model.LogEntry@74717580
Log class    :  class org.openqa.selenium.devtools.v118.log.model.LogEntry
Log lineNum  :  Optional.empty
Log source   :  network
--------------------------------------------------------------------------------------------
Log text     :  Manifest: Line: 1, column: 1, Syntax error.
Log level    :  error
Log String   :  org.openqa.selenium.devtools.v118.log.model.LogEntry@d8fc6bf
Log class    :  class org.openqa.selenium.devtools.v118.log.model.LogEntry
Log lineNum  :  Optional[0]
Log source   :  other
--------------------------------------------------------------------------------------------
Log text     :  Failed to load resource: the server responded with a status of 404 (Not Found)
Log level    :  error
Log String   :  org.openqa.selenium.devtools.v118.log.model.LogEntry@5a27d082
Log class    :  class org.openqa.selenium.devtools.v118.log.model.LogEntry
Log lineNum  :  Optional.empty
Log source   :  network
--------------------------------------------------------------------------------------------
Log text     :  Manifest: Line: 1, column: 1, Syntax error.
Log level    :  error
Log String   :  org.openqa.selenium.devtools.v118.log.model.LogEntry@1e375de7
Log class    :  class org.openqa.selenium.devtools.v118.log.model.LogEntry
Log lineNum  :  Optional[0]
Log source   :  other
--------------------------------------------------------------------------------------------
Log text     :  Failed to load resource: the server responded with a status of 404 (Not Found)
Log level    :  error
Log String   :  org.openqa.selenium.devtools.v118.log.model.LogEntry@234984f0
Log class    :  class org.openqa.selenium.devtools.v118.log.model.LogEntry
Log lineNum  :  Optional.empty
Log source   :  network
--------------------------------------------------------------------------------------------
Log text     :  Manifest: Line: 1, column: 1, Syntax error.
Log level    :  error
Log String   :  org.openqa.selenium.devtools.v118.log.model.LogEntry@613d98d6
Log class    :  class org.openqa.selenium.devtools.v118.log.model.LogEntry
Log lineNum  :  Optional[0]
Log source   :  other
--------------------------------------------------------------------------------------------
* Incorrect username or password
* Incorrect username or password
* Incorrect username or password
* Incorrect username or password
lakkkappa
browser Nameclass java.lang.StringString
test1
browser initialised...
Log text :[DOM] Input elements should have autocomplete attributes (suggested: "current-password"): (More info: https://goo.gl/9p2vKq) %o
Log level :verbose
Log text :Failed to load resource: the server responded with a status of 404 (Not Found)
Log level :error
Log text :Manifest: Line: 1, column: 1, Syntax error.
Log level :error
* Incorrect username or password
]]></system-out>
    <system-err><![CDATA[SLF4J: Failed to load class "org.slf4j.impl.StaticLoggerBinder".
SLF4J: Defaulting to no-operation (NOP) logger implementation
SLF4J: See http://www.slf4j.org/codes.html#StaticLoggerBinder for further details.
Dec 13, 2023 5:28:42 PM org.openqa.selenium.remote.http.WebSocket$Listener onError
WARNING: Connection reset
java.net.SocketException: Connection reset
	at java.base/sun.nio.ch.SocketChannelImpl.throwConnectionReset(SocketChannelImpl.java:394)
	at java.base/sun.nio.ch.SocketChannelImpl.read(SocketChannelImpl.java:426)
	at java.net.http/jdk.internal.net.http.SocketTube.readAvailable(SocketTube.java:1170)
	at java.net.http/jdk.internal.net.http.SocketTube$InternalReadPublisher$InternalReadSubscription.read(SocketTube.java:833)
	at java.net.http/jdk.internal.net.http.SocketTube$SocketFlowTask.run(SocketTube.java:181)
	at java.net.http/jdk.internal.net.http.common.SequentialScheduler$SchedulableTask.run(SequentialScheduler.java:230)
	at java.net.http/jdk.internal.net.http.common.SequentialScheduler.runOrSchedule(SequentialScheduler.java:303)
	at java.net.http/jdk.internal.net.http.common.SequentialScheduler.runOrSchedule(SequentialScheduler.java:256)
	at java.net.http/jdk.internal.net.http.SocketTube$InternalReadPublisher$InternalReadSubscription.signalReadable(SocketTube.java:774)
	at java.net.http/jdk.internal.net.http.SocketTube$InternalReadPublisher$ReadEvent.signalEvent(SocketTube.java:957)
	at java.net.http/jdk.internal.net.http.SocketTube$SocketFlowEvent.handle(SocketTube.java:253)
	at java.net.http/jdk.internal.net.http.HttpClientImpl$SelectorManager.handleEvent(HttpClientImpl.java:979)
	at java.net.http/jdk.internal.net.http.HttpClientImpl$SelectorManager.lambda$run$3(HttpClientImpl.java:934)
	at java.base/java.util.ArrayList.forEach(ArrayList.java:1511)
	at java.net.http/jdk.internal.net.http.HttpClientImpl$SelectorManager.run(HttpClientImpl.java:934)

Dec 13, 2023 5:28:42 PM org.openqa.selenium.remote.http.WebSocket$Listener onError
WARNING: Connection reset
java.net.SocketException: Connection reset
	at java.base/sun.nio.ch.SocketChannelImpl.throwConnectionReset(SocketChannelImpl.java:394)
	at java.base/sun.nio.ch.SocketChannelImpl.read(SocketChannelImpl.java:426)
	at java.net.http/jdk.internal.net.http.SocketTube.readAvailable(SocketTube.java:1170)
	at java.net.http/jdk.internal.net.http.SocketTube$InternalReadPublisher$InternalReadSubscription.read(SocketTube.java:833)
	at java.net.http/jdk.internal.net.http.SocketTube$SocketFlowTask.run(SocketTube.java:181)
	at java.net.http/jdk.internal.net.http.common.SequentialScheduler$SchedulableTask.run(SequentialScheduler.java:230)
	at java.net.http/jdk.internal.net.http.common.SequentialScheduler.runOrSchedule(SequentialScheduler.java:303)
	at java.net.http/jdk.internal.net.http.common.SequentialScheduler.runOrSchedule(SequentialScheduler.java:256)
	at java.net.http/jdk.internal.net.http.SocketTube$InternalReadPublisher$InternalReadSubscription.signalReadable(SocketTube.java:774)
	at java.net.http/jdk.internal.net.http.SocketTube$InternalReadPublisher$ReadEvent.signalEvent(SocketTube.java:957)
	at java.net.http/jdk.internal.net.http.SocketTube$SocketFlowEvent.handle(SocketTube.java:253)
	at java.net.http/jdk.internal.net.http.HttpClientImpl$SelectorManager.handleEvent(HttpClientImpl.java:979)
	at java.net.http/jdk.internal.net.http.HttpClientImpl$SelectorManager.lambda$run$3(HttpClientImpl.java:934)
	at java.base/java.util.ArrayList.forEach(ArrayList.java:1511)
	at java.net.http/jdk.internal.net.http.HttpClientImpl$SelectorManager.run(HttpClientImpl.java:934)

Dec 13, 2023 5:28:42 PM org.openqa.selenium.remote.http.WebSocket$Listener onError
WARNING: Connection reset
java.net.SocketException: Connection reset
	at java.base/sun.nio.ch.SocketChannelImpl.throwConnectionReset(SocketChannelImpl.java:394)
	at java.base/sun.nio.ch.SocketChannelImpl.read(SocketChannelImpl.java:426)
	at java.net.http/jdk.internal.net.http.SocketTube.readAvailable(SocketTube.java:1170)
	at java.net.http/jdk.internal.net.http.SocketTube$InternalReadPublisher$InternalReadSubscription.read(SocketTube.java:833)
	at java.net.http/jdk.internal.net.http.SocketTube$SocketFlowTask.run(SocketTube.java:181)
	at java.net.http/jdk.internal.net.http.common.SequentialScheduler$SchedulableTask.run(SequentialScheduler.java:230)
	at java.net.http/jdk.internal.net.http.common.SequentialScheduler.runOrSchedule(SequentialScheduler.java:303)
	at java.net.http/jdk.internal.net.http.common.SequentialScheduler.runOrSchedule(SequentialScheduler.java:256)
	at java.net.http/jdk.internal.net.http.SocketTube$InternalReadPublisher$InternalReadSubscription.signalReadable(SocketTube.java:774)
	at java.net.http/jdk.internal.net.http.SocketTube$InternalReadPublisher$ReadEvent.signalEvent(SocketTube.java:957)
	at java.net.http/jdk.internal.net.http.SocketTube$SocketFlowEvent.handle(SocketTube.java:253)
	at java.net.http/jdk.internal.net.http.HttpClientImpl$SelectorManager.handleEvent(HttpClientImpl.java:979)
	at java.net.http/jdk.internal.net.http.HttpClientImpl$SelectorManager.lambda$run$3(HttpClientImpl.java:934)
	at java.base/java.util.ArrayList.forEach(ArrayList.java:1511)
	at java.net.http/jdk.internal.net.http.HttpClientImpl$SelectorManager.run(HttpClientImpl.java:934)

]]></system-err>
  </testcase>
  <testcase name="test1" classname="TestCases.Test2" time="45.678"/>
  <testcase name="test12" classname="TestCases.Test2" time="5.063">
    <system-out><![CDATA[Log text     :  [DOM] Input elements should have autocomplete attributes (suggested: "current-password"): (More info: https://goo.gl/9p2vKq) %o
Log level    :  verbose
Log String   :  org.openqa.selenium.devtools.v118.log.model.LogEntry@2f4a4588
Log class    :  class org.openqa.selenium.devtools.v118.log.model.LogEntry
Log lineNum  :  Optional.empty
Log source   :  recommendation
--------------------------------------------------------------------------------------------
Log text     :  Failed to load resource: the server responded with a status of 404 (Not Found)
Log level    :  error
Log String   :  org.openqa.selenium.devtools.v118.log.model.LogEntry@20e85016
Log class    :  class org.openqa.selenium.devtools.v118.log.model.LogEntry
Log lineNum  :  Optional.empty
Log source   :  network
--------------------------------------------------------------------------------------------
Log text     :  Manifest: Line: 1, column: 1, Syntax error.
Log level    :  error
Log String   :  org.openqa.selenium.devtools.v118.log.model.LogEntry@6e2f8b8d
Log class    :  class org.openqa.selenium.devtools.v118.log.model.LogEntry
Log lineNum  :  Optional[0]
Log source   :  other
--------------------------------------------------------------------------------------------
* Incorrect username or password
Log text     :  [DOM] Input elements should have autocomplete attributes (suggested: "current-password"): (More info: https://goo.gl/9p2vKq) %o
Log level    :  verbose
Log String   :  org.openqa.selenium.devtools.v118.log.model.LogEntry@44ca7fcd
Log class    :  class org.openqa.selenium.devtools.v118.log.model.LogEntry
Log lineNum  :  Optional.empty
Log source   :  recommendation
--------------------------------------------------------------------------------------------
test1
Log text     :  Failed to load resource: the server responded with a status of 404 (Not Found)
Log level    :  error
Log text     :  Manifest: Line: 1, column: 1, Syntax error.
Log level    :  error
Log String   :  org.openqa.selenium.devtools.v118.log.model.LogEntry@39d114d9
Log String   :  org.openqa.selenium.devtools.v118.log.model.LogEntry@7704c54e
Log class    :  class org.openqa.selenium.devtools.v118.log.model.LogEntry
Log class    :  class org.openqa.selenium.devtools.v118.log.model.LogEntry
Log lineNum  :  Optional[0]
Log source   :  other
--------------------------------------------------------------------------------------------
Log lineNum  :  Optional.empty
Log source   :  network
--------------------------------------------------------------------------------------------
* Incorrect username or password
]]></system-out>
    <system-err><![CDATA[Dec 13, 2023 5:28:52 PM org.openqa.selenium.remote.http.WebSocket$Listener onError
WARNING: Connection reset
java.net.SocketException: Connection reset
	at java.base/sun.nio.ch.SocketChannelImpl.throwConnectionReset(SocketChannelImpl.java:394)
	at java.base/sun.nio.ch.SocketChannelImpl.read(SocketChannelImpl.java:426)
	at java.net.http/jdk.internal.net.http.SocketTube.readAvailable(SocketTube.java:1170)
	at java.net.http/jdk.internal.net.http.SocketTube$InternalReadPublisher$InternalReadSubscription.read(SocketTube.java:833)
	at java.net.http/jdk.internal.net.http.SocketTube$SocketFlowTask.run(SocketTube.java:181)
	at java.net.http/jdk.internal.net.http.common.SequentialScheduler$SchedulableTask.run(SequentialScheduler.java:230)
	at java.net.http/jdk.internal.net.http.common.SequentialScheduler.runOrSchedule(SequentialScheduler.java:303)
	at java.net.http/jdk.internal.net.http.common.SequentialScheduler.runOrSchedule(SequentialScheduler.java:256)
	at java.net.http/jdk.internal.net.http.SocketTube$InternalReadPublisher$InternalReadSubscription.signalReadable(SocketTube.java:774)
	at java.net.http/jdk.internal.net.http.SocketTube$InternalReadPublisher$ReadEvent.signalEvent(SocketTube.java:957)
	at java.net.http/jdk.internal.net.http.SocketTube$SocketFlowEvent.handle(SocketTube.java:253)
	at java.net.http/jdk.internal.net.http.HttpClientImpl$SelectorManager.handleEvent(HttpClientImpl.java:979)
	at java.net.http/jdk.internal.net.http.HttpClientImpl$SelectorManager.lambda$run$3(HttpClientImpl.java:934)
	at java.base/java.util.ArrayList.forEach(ArrayList.java:1511)
	at java.net.http/jdk.internal.net.http.HttpClientImpl$SelectorManager.run(HttpClientImpl.java:934)

]]></system-err>
  </testcase>
  <testcase name="test3" classname="TestCases.Test2" time="5.465">
    <system-out><![CDATA[browser initialised...
]]></system-out>
  </testcase>
  <testcase name="loginPage" classname="TestCases.ProductVerifyTest" time="1.284">
    <failure message="Unresolved compilation problem: &#10;	The method findElement(SearchContext) in the type By is not applicable for the arguments (By)&#10;" type="java.lang.Error"><![CDATA[java.lang.Error: 
Unresolved compilation problem: 
	The method findElement(SearchContext) in the type By is not applicable for the arguments (By)

	at Utils.ProductVerify.cartFirstOne(ProductVerify.java:97)
	at TestCases.ProductVerifyTest.loginPage(ProductVerifyTest.java:25)
	at java.base/jdk.internal.reflect.NativeMethodAccessorImpl.invoke0(Native Method)
	at java.base/jdk.internal.reflect.NativeMethodAccessorImpl.invoke(NativeMethodAccessorImpl.java:77)
	at java.base/jdk.internal.reflect.DelegatingMethodAccessorImpl.invoke(DelegatingMethodAccessorImpl.java:43)
	at java.base/java.lang.reflect.Method.invoke(Method.java:568)
	at org.testng.internal.invokers.MethodInvocationHelper.invokeMethod(MethodInvocationHelper.java:139)
	at org.testng.internal.invokers.TestInvoker.invokeMethod(TestInvoker.java:664)
	at org.testng.internal.invokers.TestInvoker.invokeTestMethod(TestInvoker.java:227)
	at org.testng.internal.invokers.MethodRunner.runInSequence(MethodRunner.java:50)
	at org.testng.internal.invokers.TestInvoker$MethodInvocationAgent.invoke(TestInvoker.java:957)
	at org.testng.internal.invokers.TestInvoker.invokeTestMethods(TestInvoker.java:200)
	at org.testng.internal.invokers.TestMethodWorker.invokeTestMethods(TestMethodWorker.java:148)
	at org.testng.internal.invokers.TestMethodWorker.run(TestMethodWorker.java:128)
	at java.base/java.util.concurrent.ThreadPoolExecutor.runWorker(ThreadPoolExecutor.java:1136)
	at java.base/java.util.concurrent.ThreadPoolExecutor$Worker.run(ThreadPoolExecutor.java:635)
	at java.base/java.lang.Thread.run(Thread.java:842)
]]></failure>
    <system-out><![CDATA[ZARA COAT 3
ADIDAS ORIGINAL
IPHONE 13 PRO
T-SHIRT
T-SHIRT
T-SHIRT
T-SHIRT
QWERTY
]]></system-out>
  </testcase>
  <testcase name="log[{userName=anshika@gmail.com, password=Iamking@000}](1)" classname="TestCases.Test1" time="2.28">
    <system-out><![CDATA[Open the browser
Enter Email
hello
]]></system-out>
    <system-err><![CDATA[Dec 13, 2023 5:28:51 PM org.openqa.selenium.remote.http.WebSocket$Listener onError
WARNING: Connection reset
java.net.SocketException: Connection reset
	at java.base/sun.nio.ch.SocketChannelImpl.throwConnectionReset(SocketChannelImpl.java:394)
	at java.base/sun.nio.ch.SocketChannelImpl.read(SocketChannelImpl.java:426)
	at java.net.http/jdk.internal.net.http.SocketTube.readAvailable(SocketTube.java:1170)
	at java.net.http/jdk.internal.net.http.SocketTube$InternalReadPublisher$InternalReadSubscription.read(SocketTube.java:833)
	at java.net.http/jdk.internal.net.http.SocketTube$SocketFlowTask.run(SocketTube.java:181)
	at java.net.http/jdk.internal.net.http.common.SequentialScheduler$SchedulableTask.run(SequentialScheduler.java:230)
	at java.net.http/jdk.internal.net.http.common.SequentialScheduler.runOrSchedule(SequentialScheduler.java:303)
	at java.net.http/jdk.internal.net.http.common.SequentialScheduler.runOrSchedule(SequentialScheduler.java:256)
	at java.net.http/jdk.internal.net.http.SocketTube$InternalReadPublisher$InternalReadSubscription.signalReadable(SocketTube.java:774)
	at java.net.http/jdk.internal.net.http.SocketTube$InternalReadPublisher$ReadEvent.signalEvent(SocketTube.java:957)
	at java.net.http/jdk.internal.net.http.SocketTube$SocketFlowEvent.handle(SocketTube.java:253)
	at java.net.http/jdk.internal.net.http.HttpClientImpl$SelectorManager.handleEvent(HttpClientImpl.java:979)
	at java.net.http/jdk.internal.net.http.HttpClientImpl$SelectorManager.lambda$run$3(HttpClientImpl.java:934)
	at java.base/java.util.ArrayList.forEach(ArrayList.java:1511)
	at java.net.http/jdk.internal.net.http.HttpClientImpl$SelectorManager.run(HttpClientImpl.java:934)

]]></system-err>
  </testcase>
  <testcase name="log[{userName=anshika@gmail.com, password=Iamking@000}](2)" classname="TestCases.Test1" time="2.955">
    <system-out><![CDATA[Log text     :  [DOM] Input elements should have autocomplete attributes (suggested: "current-password"): (More info: https://goo.gl/9p2vKq) %o
Log level    :  verbose
Log String   :  org.openqa.selenium.devtools.v118.log.model.LogEntry@5b5b9b15
Log class    :  class org.openqa.selenium.devtools.v118.log.model.LogEntry
Log lineNum  :  Optional.empty
Log source   :  recommendation
--------------------------------------------------------------------------------------------
Log text     :  Failed to load resource: the server responded with a status of 404 (Not Found)
Log level    :  error
Log String   :  org.openqa.selenium.devtools.v118.log.model.LogEntry@493a1010
Log class    :  class org.openqa.selenium.devtools.v118.log.model.LogEntry
Log text     :  Manifest: Line: 1, column: 1, Syntax error.
Log lineNum  :  Optional.empty
Log source   :  network
Log level    :  error
--------------------------------------------------------------------------------------------
Log String   :  org.openqa.selenium.devtools.v118.log.model.LogEntry@40774672
Log class    :  class org.openqa.selenium.devtools.v118.log.model.LogEntry
Log lineNum  :  Optional[0]
Log source   :  other
--------------------------------------------------------------------------------------------
Open the browser
Enter Email
* Incorrect username or password
browser Nameclass java.lang.StringString
hello
]]></system-out>
    <system-err><![CDATA[Dec 13, 2023 5:28:59 PM org.openqa.selenium.remote.http.WebSocket$Listener onError
WARNING: Connection reset
java.net.SocketException: Connection reset
	at java.base/sun.nio.ch.SocketChannelImpl.throwConnectionReset(SocketChannelImpl.java:394)
	at java.base/sun.nio.ch.SocketChannelImpl.read(SocketChannelImpl.java:426)
	at java.net.http/jdk.internal.net.http.SocketTube.readAvailable(SocketTube.java:1170)
	at java.net.http/jdk.internal.net.http.SocketTube$InternalReadPublisher$InternalReadSubscription.read(SocketTube.java:833)
	at java.net.http/jdk.internal.net.http.SocketTube$SocketFlowTask.run(SocketTube.java:181)
	at java.net.http/jdk.internal.net.http.common.SequentialScheduler$SchedulableTask.run(SequentialScheduler.java:230)
	at java.net.http/jdk.internal.net.http.common.SequentialScheduler.runOrSchedule(SequentialScheduler.java:303)
	at java.net.http/jdk.internal.net.http.common.SequentialScheduler.runOrSchedule(SequentialScheduler.java:256)
	at java.net.http/jdk.internal.net.http.SocketTube$InternalReadPublisher$InternalReadSubscription.signalReadable(SocketTube.java:774)
	at java.net.http/jdk.internal.net.http.SocketTube$InternalReadPublisher$ReadEvent.signalEvent(SocketTube.java:957)
	at java.net.http/jdk.internal.net.http.SocketTube$SocketFlowEvent.handle(SocketTube.java:253)
	at java.net.http/jdk.internal.net.http.HttpClientImpl$SelectorManager.handleEvent(HttpClientImpl.java:979)
	at java.net.http/jdk.internal.net.http.HttpClientImpl$SelectorManager.lambda$run$3(HttpClientImpl.java:934)
	at java.base/java.util.ArrayList.forEach(ArrayList.java:1511)
	at java.net.http/jdk.internal.net.http.HttpClientImpl$SelectorManager.run(HttpClientImpl.java:934)

Dec 13, 2023 5:28:59 PM org.openqa.selenium.remote.http.WebSocket$Listener onError
WARNING: Connection reset
java.net.SocketException: Connection reset
	at java.base/sun.nio.ch.SocketChannelImpl.throwConnectionReset(SocketChannelImpl.java:394)
	at java.base/sun.nio.ch.SocketChannelImpl.read(SocketChannelImpl.java:426)
	at java.net.http/jdk.internal.net.http.SocketTube.readAvailable(SocketTube.java:1170)
	at java.net.http/jdk.internal.net.http.SocketTube$InternalReadPublisher$InternalReadSubscription.read(SocketTube.java:833)
	at java.net.http/jdk.internal.net.http.SocketTube$SocketFlowTask.run(SocketTube.java:181)
	at java.net.http/jdk.internal.net.http.common.SequentialScheduler$SchedulableTask.run(SequentialScheduler.java:230)
	at java.net.http/jdk.internal.net.http.common.SequentialScheduler.runOrSchedule(SequentialScheduler.java:303)
	at java.net.http/jdk.internal.net.http.common.SequentialScheduler.runOrSchedule(SequentialScheduler.java:256)
	at java.net.http/jdk.internal.net.http.SocketTube$InternalReadPublisher$InternalReadSubscription.signalReadable(SocketTube.java:774)
	at java.net.http/jdk.internal.net.http.SocketTube$InternalReadPublisher$ReadEvent.signalEvent(SocketTube.java:957)
	at java.net.http/jdk.internal.net.http.SocketTube$SocketFlowEvent.handle(SocketTube.java:253)
	at java.net.http/jdk.internal.net.http.HttpClientImpl$SelectorManager.handleEvent(HttpClientImpl.java:979)
	at java.net.http/jdk.internal.net.http.HttpClientImpl$SelectorManager.lambda$run$3(HttpClientImpl.java:934)
	at java.base/java.util.ArrayList.forEach(ArrayList.java:1511)
	at java.net.http/jdk.internal.net.http.HttpClientImpl$SelectorManager.run(HttpClientImpl.java:934)

]]></system-err>
  </testcase>
</testsuite>