<?xml version="1.0" encoding="UTF-8"?>
<testng-results ignored="0" total="7" passed="7" failed="0" skipped="0">
  <reporter-output>
    <line>
      <![CDATA[Start execution]]>
    </line>
    <line>
      <![CDATA[Open the browser]]>
    </line>
    <line>
      <![CDATA[Enter Email]]>
    </line>
    <line>
      <![CDATA[Enter password]]>
    </line>
    <line>
      <![CDATA[click login button]]>
    </line>
    <line>
      <![CDATA[Start execution]]>
    </line>
    <line>
      <![CDATA[Open the browser]]>
    </line>
    <line>
      <![CDATA[Enter Email]]>
    </line>
    <line>
      <![CDATA[Enter password]]>
    </line>
    <line>
      <![CDATA[click login button]]>
    </line>
  </reporter-output>
  <suite started-at="2023-12-23T20:59:49 IST" name="Suite" finished-at="2023-12-23T21:00:17 IST" duration-ms="28418">
    <groups>
    </groups>
    <test started-at="2023-12-23T20:59:49 IST" name="Test" finished-at="2023-12-23T21:00:17 IST" duration-ms="28418">
      <class name="TestCases.ProductVerifyTest">
        <test-method signature="loginPage()[pri:0, instance:TestCases.ProductVerifyTest@312aa7c]" started-at="2023-12-23T20:59:49 IST" name="loginPage" finished-at="2023-12-23T21:00:07 IST" duration-ms="17828" status="PASS">
          <reporter-output>
          </reporter-output>
        </test-method> <!-- loginPage -->
      </class> <!-- TestCases.ProductVerifyTest -->
      <class name="TestCases.Test1">
        <test-method is-config="true" signature="extentRP()[pri:0, instance:TestCases.Test1@533bda92]" started-at="2023-12-23T20:59:49 IST" name="extentRP" finished-at="2023-12-23T20:59:49 IST" duration-ms="15" status="PASS">
          <reporter-output>
          </reporter-output>
        </test-method> <!-- extentRP -->
        <test-method signature="log(java.util.HashMap)[pri:0, instance:TestCases.Test1@533bda92]" started-at="2023-12-23T20:59:50 IST" name="log" data-provider="getData" finished-at="2023-12-23T21:00:05 IST" duration-ms="15498" status="PASS">
          <params>
            <param index="0">
              <value>
                <![CDATA[{userName=anshika@gmail.com, password=Iamking@000}]]>
              </value>
            </param>
          </params>
          <reporter-output>
            <line>
              <![CDATA[Start execution]]>
            </line>
            <line>
              <![CDATA[Open the browser]]>
            </line>
            <line>
              <![CDATA[Enter Email]]>
            </line>
            <line>
              <![CDATA[Enter password]]>
            </line>
            <line>
              <![CDATA[click login button]]>
            </line>
          </reporter-output>
        </test-method> <!-- log -->
        <test-method signature="log(java.util.HashMap)[pri:0, instance:TestCases.Test1@533bda92]" started-at="2023-12-23T21:00:05 IST" name="log" data-provider="getData" finished-at="2023-12-23T21:00:11 IST" duration-ms="6205" status="PASS">
          <params>
            <param index="0">
              <value>
                <![CDATA[{userName=anshika@gmail.com, password=Iamking@000}]]>
              </value>
            </param>
          </params>
          <reporter-output>
            <line>
              <![CDATA[Start execution]]>
            </line>
            <line>
              <![CDATA[Open the browser]]>
            </line>
            <line>
              <![CDATA[Enter Email]]>
            </line>
            <line>
              <![CDATA[Enter password]]>
            </line>
            <line>
              <![CDATA[click login button]]>
            </line>
          </reporter-output>
        </test-method> <!-- log -->
      </class> <!-- TestCases.Test1 -->
      <class name="TestCases.Test2">
        <test-method signature="test1()[pri:0, instance:TestCases.Test2@4d0d9fe7]" started-at="2023-12-23T20:59:49 IST" name="test1" finished-at="2023-12-23T21:00:05 IST" duration-ms="16357" status="PASS">
          <reporter-output>
          </reporter-output>
        </test-method> <!-- test1 -->
        <test-method signature="test12()[pri:0, instance:TestCases.Test2@4d0d9fe7]" started-at="2023-12-23T21:00:05 IST" name="test12" finished-at="2023-12-23T21:00:12 IST" duration-ms="6061" status="PASS">
          <reporter-output>
          </reporter-output>
        </test-method> <!-- test12 -->
        <test-method signature="test3()[pri:0, instance:TestCases.Test2@4d0d9fe7]" started-at="2023-12-23T21:00:12 IST" name="test3" finished-at="2023-12-23T21:00:17 IST" duration-ms="5901" status="PASS">
          <reporter-output>
          </reporter-output>
        </test-method> <!-- test3 -->
      </class> <!-- TestCases.Test2 -->
      <class name="TestCases.Test3">
        <test-method signature="logGenerate()[pri:0, instance:TestCases.Test3@c430e6c]" started-at="2023-12-23T20:59:49 IST" name="logGenerate" finished-at="2023-12-23T21:00:06 IST" duration-ms="17170" status="PASS">
          <reporter-output>
          </reporter-output>
        </test-method> <!-- logGenerate -->
      </class> <!-- TestCases.Test3 -->
    </test> <!-- Test -->
  </suite> <!-- Suite -->
</testng-results>
